<?xml version="1.0" encoding="UTF-8"?>
<!-- Generated by org.testng.reporters.JUnitReportReporter -->
<testsuite hostname="Gowsalya" failures="0" tests="5" name="FacebookTestCases.FaceBookLoginOrSignup" time="0.006" errors="0" timestamp="2024-11-15T22:02:18 IST" skipped="0">
  <testcase classname="FacebookTestCases.FaceBookLoginOrSignup" name="instagramLogin" time="0.000"/>
  <system-out/>
  <testcase classname="FacebookTestCases.FaceBookLoginOrSignup" name="reSetPwd" time="0.002"/>
  <system-out/>
  <testcase classname="FacebookTestCases.FaceBookLoginOrSignup" name="signUp" time="0.001"/>
  <system-out/>
  <testcase classname="FacebookTestCases.FaceBookLoginOrSignup" name="loginInKannada" time="0.001"/>
  <system-out/>
  <testcase classname="FacebookTestCases.FaceBookLoginOrSignup" name="loginWithForgottenPwdpage" time="0.002"/>
  <system-out/>
</testsuite> <!-- FacebookTestCases.FaceBookLoginOrSignup -->
