<?xml version="1.0" encoding="UTF-8"?>
<!-- Generated by org.testng.reporters.JUnitReportReporter -->
<testsuite hostname="Gowsalya" failures="0" tests="1" name="javaScriptExecutor.ScrollingPractice" time="5.537" errors="0" timestamp="2024-11-17T16:50:59 IST" skipped="0">
  <testcase classname="javaScriptExecutor.ScrollingPractice" name="scroll" time="5.537"/>
  <system-out/>
</testsuite> <!-- javaScriptExecutor.ScrollingPractice -->
