<?xml version="1.0" encoding="UTF-8"?>
<!-- Generated by org.testng.reporters.JUnitReportReporter -->
<testsuite hostname="Gowsalya" failures="0" tests="2" name="Synchronization.MajorClass" time="9.042" errors="0" timestamp="2024-12-04T12:34:13 IST" skipped="0">
  <testcase classname="Synchronization.MajorClass" name="Signup" time="8.541"/>
  <system-out/>
  <testcase classname="Synchronization.MajorClass" name="close" time="0.501"/>
  <system-out/>
</testsuite> <!-- Synchronization.MajorClass -->
