<?xml version="1.0" encoding="UTF-8"?>
<!-- Generated by org.testng.reporters.JUnitReportReporter -->
<testsuite hostname="Gowsalya" failures="0" tests="3" name="FacebookTestCases.FaceBookForgottenPwd" time="0.005" errors="0" timestamp="2024-11-15T22:02:18 IST" skipped="0">
  <testcase classname="FacebookTestCases.FaceBookForgottenPwd" name="loginWithForgottenPwdpage" time="0.001"/>
  <system-out/>
  <testcase classname="FacebookTestCases.FaceBookForgottenPwd" name="searchForExistingAccountWithPhNum" time="0.002"/>
  <system-out/>
  <testcase classname="FacebookTestCases.FaceBookForgottenPwd" name="searchForExistingAccountWithEmail" time="0.002"/>
  <system-out/>
</testsuite> <!-- FacebookTestCases.FaceBookForgottenPwd -->
