<?xml version="1.0" encoding="UTF-8"?>
<!-- Generated by org.testng.reporters.JUnitReportReporter -->
<testsuite hostname="Gowsalya" failures="0" tests="1" name="snapdeal_project.SnapDeal_Testcase" time="58.859" errors="0" timestamp="2024-11-18T13:03:33 IST" skipped="0">
  <testcase classname="snapdeal_project.SnapDeal_Testcase" name="SnapDealTestcase" time="58.859"/>
  <system-out/>
</testsuite> <!-- snapdeal_project.SnapDeal_Testcase -->
