<?xml version="1.0" encoding="UTF-8"?>
<!-- Generated by org.testng.reporters.JUnitReportReporter -->
<testsuite hostname="Gowsalya" failures="0" tests="1" name="Synchronization.TopClass" time="14.358" errors="0" timestamp="2024-12-05T00:02:53 IST" skipped="0">
  <testcase classname="Synchronization.TopClass" name="Login" time="14.358"/>
  <system-out/>
</testsuite> <!-- Synchronization.TopClass -->
