<?xml version="1.0" encoding="UTF-8"?>
<!-- Generated by org.testng.reporters.JUnitReportReporter -->
<testsuite hostname="Gowsalya" failures="0" tests="5" name="FacebookTestCases.FaceBookSignUp" time="0.021" errors="0" timestamp="2024-11-15T22:02:18 IST" skipped="0">
  <testcase classname="FacebookTestCases.FaceBookSignUp" name="createNewAccount" time="0.004"/>
  <system-out/>
  <testcase classname="FacebookTestCases.FaceBookSignUp" name="createAccWithCustomAsGender" time="0.011"/>
  <system-out/>
  <testcase classname="FacebookTestCases.FaceBookSignUp" name="createAccWithFemaleAsGender" time="0.002"/>
  <system-out/>
  <testcase classname="FacebookTestCases.FaceBookSignUp" name="createAccWithMaleAsGender" time="0.002"/>
  <system-out/>
  <testcase classname="FacebookTestCases.FaceBookSignUp" name="existingUserLogin" time="0.002"/>
  <system-out/>
</testsuite> <!-- FacebookTestCases.FaceBookSignUp -->
