<?xml version="1.0" encoding="UTF-8"?>
<!-- Generated by org.testng.reporters.JUnitReportReporter -->
<testsuite hostname="Gowsalya" failures="0" tests="1" name="popups.Handlepopup" time="29.848" errors="0" timestamp="2024-11-21T12:11:56 IST" skipped="0">
  <testcase classname="popups.Handlepopup" name="notificationPopup" time="29.848"/>
  <system-out/>
</testsuite> <!-- popups.Handlepopup -->
