<?xml version="1.0" encoding="UTF-8"?>
<!-- Generated by org.testng.reporters.JUnitReportReporter -->
<testsuite hostname="Gowsalya" failures="0" tests="4" name="FacebookTestCases.Provider" time="0.027" errors="0" timestamp="2024-11-15T22:17:49 IST" skipped="0">
  <testcase classname="FacebookTestCases.Provider" name="manySetofData" time="0.003"/>
  <system-out/>
  <testcase classname="FacebookTestCases.Provider" name="manySetofData" time="0.002"/>
  <system-out/>
  <testcase classname="FacebookTestCases.Provider" name="manySetofData" time="0.018"/>
  <system-out/>
  <testcase classname="FacebookTestCases.Provider" name="manySetofData" time="0.004"/>
  <system-out/>
</testsuite> <!-- FacebookTestCases.Provider -->
