<?xml version="1.0" encoding="UTF-8"?>
<!-- Generated by org.testng.reporters.JUnitReportReporter -->
<testsuite hostname="Gowsalya" failures="0" tests="4" name="TestNG_Script.FacebookHome" time="0.017" errors="0" timestamp="2024-11-10T11:31:55 IST" skipped="0">
  <testcase classname="TestNG_Script.FacebookHome" name="clickOnProfileDp" time="0.001"/>
  <system-out/>
  <testcase classname="TestNG_Script.FacebookHome" name="rejectFriendRequest" time="0.001"/>
  <system-out/>
  <testcase classname="TestNG_Script.FacebookHome" name="acceptFriendRequest" time="0.013"/>
  <system-out/>
  <testcase classname="TestNG_Script.FacebookHome" name="clickOnProfileName" time="0.002"/>
  <system-out/>
</testsuite> <!-- TestNG_Script.FacebookHome -->
