<?xml version="1.0" encoding="UTF-8"?>
<!-- Generated by org.testng.reporters.JUnitReportReporter -->
<testsuite hostname="Gowsalya" failures="0" tests="2" name="Synchronization.SkyClass" time="42.712" errors="0" timestamp="2024-12-12T12:41:19 IST" skipped="0">
  <testcase classname="Synchronization.SkyClass" name="LogoutFeature" time="6.009"/>
  <system-out/>
  <testcase classname="Synchronization.SkyClass" name="LoginFeature" time="36.703"/>
  <system-out/>
</testsuite> <!-- Synchronization.SkyClass -->
